[35m[Appium][39m Welcome to Appium v1.22.3
[35m[Appium][39m Non-default server args:
[35m[Appium][39m   port: 54554
[35m[Appium][39m   loglevel: info
[35m[Appium][39m   tmpDir: C:\Users\ASUS\AppData\Local\Temp\\Katalon\Appium\Temp1673276928117
[35m[Appium][39m   chromedriverPort: 54555
[35m[Appium][39m Deprecated server args:
[35m[Appium][39m   [31m--chromedriver-port[39m => --default-capabilities
[35m[Appium][39m Default capabilities, which will be added to each request unless overridden by desired capabilities:
[35m[Appium][39m   chromedriverPort: 54555
[35m[Appium][39m Appium REST http interface listener started on 0.0.0.0:54554
[35m[HTTP][39m [37m-->[39m [37mGET[39m [37m/wd/hub/status[39m
[35m[HTTP][39m [90m{}[39m
[35m[HTTP][39m [37m<-- GET /wd/hub/status [39m[32m200[39m [90m5 ms - 68[39m
[35m[HTTP][39m [90m[39m
[35m[HTTP][39m [37m-->[39m [37mGET[39m [37m/wd/hub/status[39m
[35m[HTTP][39m [90m{}[39m
[35m[HTTP][39m [37m<-- GET /wd/hub/status [39m[32m200[39m [90m1 ms - 68[39m
[35m[HTTP][39m [90m[39m
[35m[HTTP][39m [37m-->[39m [37mPOST[39m [37m/wd/hub/session[39m
[35m[HTTP][39m [90m{"desiredCapabilities":{"appActivity":".Settings","appPackage":"com.android.settings","newCommandTimeout":1800,"platformVersion":"12","automationName":"uiautomator2","autoGrantPermissions":true,"platformName":"Android","udid":"c0091b8d","deviceName":"OPPO CPH2159 (Android 12)","platform":"ANDROID","systemPort":8226},"capabilities":{"firstMatch":[{"appium:appActivity":".Settings","appium:appPackage":"com.android.settings","appium:autoGrantPermissions":true,"appium:automationName":"uiautomator2","appium:deviceName":"OPPO CPH2159 (Android 12)","appium:newCommandTimeout":1800,"platform":"ANDROID","platformName":"android","appium:platformVersion":"12","appium:systemPort":8226,"appium:udid":"c0091b8d"}]}}[39m
[35m[BaseDriver][39m The following capabilities are not standard capabilities and should have an extension prefix:
[35m[BaseDriver][39m   platform
[35m[BaseDriver][39m   chromedriverPort
[35m[Appium][39m Appium v1.22.3 creating new AndroidUiautomator2Driver (v1.70.1) session
[35m[BaseDriver][39m The following capabilities were provided, but are not recognized by Appium:
[35m[BaseDriver][39m   platform
[35m[BaseDriver][39m Session created with session id: 3badc8e8-43d8-4517-950c-990771b015bf
[35m[UiAutomator2][39m Starting 'com.android.settings' directly on the device
[35m[ADB][39m Found 1 'build-tools' folders under 'C:\Users\ASUS\.katalon\tools\android_sdk' (newest first):
[35m[ADB][39m     C:/Users/ASUS/.katalon/tools/android_sdk/build-tools/29.0.3
[35m[ADB][39m Using 'adb.exe' from 'C:\Users\ASUS\.katalon\tools\android_sdk\platform-tools\adb.exe'
[35m[AndroidDriver][39m Retrieving device list
[35m[AndroidDriver][39m Using device: c0091b8d
[35m[ADB][39m Using 'adb.exe' from 'C:\Users\ASUS\.katalon\tools\android_sdk\platform-tools\adb.exe'
[35m[ADB][39m Getting device platform version
[35m[UiAutomator2][39m Relaxing hidden api policy
[35m[AndroidDriver][39m No app sent in, not parsing package/activity
[35m[ADB][39m Using 'apksigner.jar' from 'C:\Users\ASUS\.katalon\tools\android_sdk\build-tools\29.0.3\lib\apksigner.jar'
[35m[ADB][39m 'C:\Users\ASUS\AppData\Roaming\npm\node_modules\appium\node_modules\appium-uiautomator2-server\apks\appium-uiautomator2-server-v4.27.0.apk' is signed with the default certificate
[35m[ADB][39m 'C:\Users\ASUS\AppData\Roaming\npm\node_modules\appium\node_modules\appium-uiautomator2-server\apks\appium-uiautomator2-server-debug-androidTest.apk' is signed with the default certificate
[35m[UiAutomator2][39m Server packages are not going to be (re)installed
[35m[ADB][39m Adding packages ["io.appium.settings","io.appium.uiautomator2.server","io.appium.uiautomator2.server.test"] to Doze whitelist
[35m[UiAutomator2][39m Starting UIAutomator2 server 4.27.0
[35m[UiAutomator2][39m Using UIAutomator2 server from 'C:\Users\ASUS\AppData\Roaming\npm\node_modules\appium\node_modules\appium-uiautomator2-server\apks\appium-uiautomator2-server-v4.27.0.apk' and test from 'C:\Users\ASUS\AppData\Roaming\npm\node_modules\appium\node_modules\appium-uiautomator2-server\apks\appium-uiautomator2-server-debug-androidTest.apk'
[35m[UiAutomator2][39m Waiting up to 30000ms for UiAutomator2 to be online...
[35m[WD Proxy][39m socket hang up
[35m[WD Proxy][39m socket hang up
[35m[WD Proxy][39m socket hang up
[35m[WD Proxy][39m socket hang up
[35m[WD Proxy][39m socket hang up
[35m[WD Proxy][39m Determined the downstream protocol as 'W3C'
[35m[AndroidDriver][39m Screen already unlocked, doing nothing
[35m[UiAutomator2][39m Starting 'com.android.settings/.Settings and waiting for 'com.android.settings/.Settings'
[35m[Appium][39m New AndroidUiautomator2Driver session created successfully, session 3badc8e8-43d8-4517-950c-990771b015bf added to master session list
[35m[HTTP][39m [37m<-- POST /wd/hub/session [39m[32m200[39m [90m12222 ms - 1136[39m
[35m[HTTP][39m [90m[39m
[35m[HTTP][39m [37m-->[39m [37mGET[39m [37m/wd/hub/session/3badc8e8-43d8-4517-950c-990771b015bf[39m
[35m[HTTP][39m [90m{}[39m
[35m[HTTP][39m [37m<-- GET /wd/hub/session/3badc8e8-43d8-4517-950c-990771b015bf [39m[32m200[39m [90m10 ms - 1090[39m
[35m[HTTP][39m [90m[39m
[35m[HTTP][39m [37m-->[39m [37mGET[39m [37m/wd/hub/session/3badc8e8-43d8-4517-950c-990771b015bf[39m
[35m[HTTP][39m [90m{}[39m
[35m[HTTP][39m [37m<-- GET /wd/hub/session/3badc8e8-43d8-4517-950c-990771b015bf [39m[32m200[39m [90m12 ms - 1090[39m
[35m[HTTP][39m [90m[39m
[35m[HTTP][39m [37m-->[39m [37mGET[39m [37m/wd/hub/status[39m
[35m[HTTP][39m [90m{}[39m
[35m[HTTP][39m [37m<-- GET /wd/hub/status [39m[32m200[39m [90m2 ms - 68[39m
[35m[HTTP][39m [90m[39m
[35m[HTTP][39m [37m-->[39m [37mPOST[39m [37m/wd/hub/session/3badc8e8-43d8-4517-950c-990771b015bf/timeouts[39m
[35m[HTTP][39m [90m{"implicit":60000}[39m
[35m[HTTP][39m [37m<-- POST /wd/hub/session/3badc8e8-43d8-4517-950c-990771b015bf/timeouts [39m[32m200[39m [90m4 ms - 14[39m
[35m[HTTP][39m [90m[39m
[35m[HTTP][39m [37m-->[39m [37mGET[39m [37m/wd/hub/session/3badc8e8-43d8-4517-950c-990771b015bf/screenshot[39m
[35m[HTTP][39m [90m{}[39m
[35m[HTTP][39m [37m<-- GET /wd/hub/session/3badc8e8-43d8-4517-950c-990771b015bf/screenshot [39m[32m200[39m [90m725 ms - 188026[39m
[35m[HTTP][39m [90m[39m
[35m[HTTP][39m [37m-->[39m [37mGET[39m [37m/wd/hub/session/3badc8e8-43d8-4517-950c-990771b015bf/window/rect[39m
[35m[HTTP][39m [90m{}[39m
[35m[HTTP][39m [37m<-- GET /wd/hub/session/3badc8e8-43d8-4517-950c-990771b015bf/window/rect [39m[32m200[39m [90m30 ms - 50[39m
[35m[HTTP][39m [90m[39m
[35m[HTTP][39m [37m-->[39m [37mGET[39m [37m/wd/hub/session/3badc8e8-43d8-4517-950c-990771b015bf/appium/device/system_bars[39m
[35m[HTTP][39m [90m{}[39m
[35m[HTTP][39m [37m<-- GET /wd/hub/session/3badc8e8-43d8-4517-950c-990771b015bf/appium/device/system_bars [39m[32m200[39m [90m169 ms - 145[39m
[35m[HTTP][39m [90m[39m
[35m[HTTP][39m [37m-->[39m [37mPOST[39m [37m/wd/hub/session/3badc8e8-43d8-4517-950c-990771b015bf/appium/device/activate_app[39m
[35m[HTTP][39m [90m{"bundleId":"com.example.mikebanks.bankscorpfinancial"}[39m
[35m[HTTP][39m [37m<-- POST /wd/hub/session/3badc8e8-43d8-4517-950c-990771b015bf/appium/device/activate_app [39m[32m200[39m [90m3870 ms - 14[39m
[35m[HTTP][39m [90m[39m
[35m[HTTP][39m [37m-->[39m [37mGET[39m [37m/wd/hub/session/3badc8e8-43d8-4517-950c-990771b015bf/source[39m
[35m[HTTP][39m [90m{}[39m
[35m[W3C (3badc8e8)][39m Driver proxy active, passing request on via HTTP proxy
[35m[WD Proxy][39m Replacing sessionId 80874363-c57a-4d24-bc88-c0bb54622013 with 3badc8e8-43d8-4517-950c-990771b015bf
[35m[HTTP][39m [37m<-- GET /wd/hub/session/3badc8e8-43d8-4517-950c-990771b015bf/source [39m[32m200[39m [90m771 ms - 10938[39m
[35m[HTTP][39m [90m[39m
[35m[HTTP][39m [37m-->[39m [37mGET[39m [37m/wd/hub/session/3badc8e8-43d8-4517-950c-990771b015bf/screenshot[39m
[35m[HTTP][39m [90m{}[39m
[35m[HTTP][39m [37m<-- GET /wd/hub/session/3badc8e8-43d8-4517-950c-990771b015bf/screenshot [39m[32m200[39m [90m398 ms - 115852[39m
[35m[HTTP][39m [90m[39m
[35m[HTTP][39m [37m-->[39m [37mPOST[39m [37m/wd/hub/session/3badc8e8-43d8-4517-950c-990771b015bf/elements[39m
[35m[HTTP][39m [90m{"using":"xpath","value":"//*[@class = 'android.widget.Button' and (@text = 'LOGIN' or . = 'LOGIN') and @resource-id = 'com.example.mikebanks.bankscorpfinancial:id/btn_login']"}[39m
[35m[HTTP][39m [37m<-- POST /wd/hub/session/3badc8e8-43d8-4517-950c-990771b015bf/elements [39m[32m200[39m [90m463 ms - 139[39m
[35m[HTTP][39m [90m[39m
[35m[HTTP][39m [37m-->[39m [37mGET[39m [37m/wd/hub/session/3badc8e8-43d8-4517-950c-990771b015bf/window/rect[39m
[35m[HTTP][39m [90m{}[39m
[35m[HTTP][39m [37m<-- GET /wd/hub/session/3badc8e8-43d8-4517-950c-990771b015bf/window/rect [39m[32m200[39m [90m15 ms - 50[39m
[35m[HTTP][39m [90m[39m
[35m[HTTP][39m [37m-->[39m [37mPOST[39m [37m/wd/hub/session/3badc8e8-43d8-4517-950c-990771b015bf/elements[39m
[35m[HTTP][39m [90m{"using":"xpath","value":"//*[@class = 'android.widget.Button' and (@text = 'LOGIN' or . = 'LOGIN') and @resource-id = 'com.example.mikebanks.bankscorpfinancial:id/btn_login']"}[39m
[35m[HTTP][39m [37m<-- POST /wd/hub/session/3badc8e8-43d8-4517-950c-990771b015bf/elements [39m[32m200[39m [90m202 ms - 139[39m
[35m[HTTP][39m [90m[39m
[35m[HTTP][39m [37m-->[39m [37mGET[39m [37m/wd/hub/session/3badc8e8-43d8-4517-950c-990771b015bf/element/00000000-0000-0016-ffff-ffff00000010/location[39m
[35m[HTTP][39m [90m{}[39m
[35m[W3C (3badc8e8)][39m Driver proxy active, passing request on via HTTP proxy
[35m[WD Proxy][39m Replacing sessionId 80874363-c57a-4d24-bc88-c0bb54622013 with 3badc8e8-43d8-4517-950c-990771b015bf
[35m[HTTP][39m [37m<-- GET /wd/hub/session/3badc8e8-43d8-4517-950c-990771b015bf/element/00000000-0000-0016-ffff-ffff00000010/location [39m[32m200[39m [90m50 ms - 78[39m
[35m[HTTP][39m [90m[39m
[35m[HTTP][39m [37m-->[39m [37mPOST[39m [37m/wd/hub/session/3badc8e8-43d8-4517-950c-990771b015bf/element/00000000-0000-0016-ffff-ffff00000010/click[39m
[35m[HTTP][39m [90m{"id":"00000000-0000-0016-ffff-ffff00000010"}[39m
[35m[HTTP][39m [37m<-- POST /wd/hub/session/3badc8e8-43d8-4517-950c-990771b015bf/element/00000000-0000-0016-ffff-ffff00000010/click [39m[32m200[39m [90m121 ms - 14[39m
[35m[HTTP][39m [90m[39m
[35m[HTTP][39m [37m-->[39m [37mGET[39m [37m/wd/hub/session/3badc8e8-43d8-4517-950c-990771b015bf/source[39m
[35m[HTTP][39m [90m{}[39m
[35m[W3C (3badc8e8)][39m Driver proxy active, passing request on via HTTP proxy
[35m[WD Proxy][39m Replacing sessionId 80874363-c57a-4d24-bc88-c0bb54622013 with 3badc8e8-43d8-4517-950c-990771b015bf
[35m[HTTP][39m [37m<-- GET /wd/hub/session/3badc8e8-43d8-4517-950c-990771b015bf/source [39m[32m200[39m [90m171 ms - 11103[39m
[35m[HTTP][39m [90m[39m
[35m[HTTP][39m [37m-->[39m [37mGET[39m [37m/wd/hub/session/3badc8e8-43d8-4517-950c-990771b015bf/screenshot[39m
[35m[HTTP][39m [90m{}[39m
[35m[HTTP][39m [37m<-- GET /wd/hub/session/3badc8e8-43d8-4517-950c-990771b015bf/screenshot [39m[32m200[39m [90m497 ms - 133220[39m
[35m[HTTP][39m [90m[39m
[35m[HTTP][39m [37m-->[39m [37mPOST[39m [37m/wd/hub/session/3badc8e8-43d8-4517-950c-990771b015bf/elements[39m
[35m[HTTP][39m [90m{"using":"xpath","value":"//*[@class = 'android.widget.Toast' and (@text = 'Incorrect Username or Password' or . = 'Incorrect Username or Password')]"}[39m
[35m[HTTP][39m [37m<-- POST /wd/hub/session/3badc8e8-43d8-4517-950c-990771b015bf/elements [39m[32m200[39m [90m66236 ms - 12[39m
[35m[HTTP][39m [90m[39m
[35m[HTTP][39m [37m-->[39m [37mPOST[39m [37m/wd/hub/session/3badc8e8-43d8-4517-950c-990771b015bf/elements[39m
[35m[HTTP][39m [90m{"using":"-android uiautomator","value":"new UiSelector().className(\"android.widget.Toast\").text(\"Incorrect Username or Password\")"}[39m
[35m[HTTP][39m [37m<-- POST /wd/hub/session/3badc8e8-43d8-4517-950c-990771b015bf/elements [39m[32m200[39m [90m60571 ms - 12[39m
[35m[HTTP][39m [90m[39m
[35m[HTTP][39m [37m-->[39m [37mGET[39m [37m/wd/hub/session/3badc8e8-43d8-4517-950c-990771b015bf/window/rect[39m
[35m[HTTP][39m [90m{}[39m
[35m[HTTP][39m [37m<-- GET /wd/hub/session/3badc8e8-43d8-4517-950c-990771b015bf/window/rect [39m[32m200[39m [90m22 ms - 50[39m
[35m[HTTP][39m [90m[39m
[35m[HTTP][39m [37m-->[39m [37mPOST[39m [37m/wd/hub/session/3badc8e8-43d8-4517-950c-990771b015bf/elements[39m
[35m[HTTP][39m [90m{"using":"xpath","value":"//hierarchy/android.widget.Toast[1]"}[39m
[35m[HTTP][39m [37m<-- POST /wd/hub/session/3badc8e8-43d8-4517-950c-990771b015bf/elements [39m[32m200[39m [90m60024 ms - 12[39m
[35m[HTTP][39m [90m[39m
[35m[HTTP][39m [37m-->[39m [37mDELETE[39m [37m/wd/hub/session/3badc8e8-43d8-4517-950c-990771b015bf[39m
[35m[HTTP][39m [90m{}[39m
[35m[Appium][39m Removing session 3badc8e8-43d8-4517-950c-990771b015bf from our master session list
[35m[UiAutomator2][39m Restoring hidden api policy to the device default configuration
[35m[HTTP][39m [37m<-- DELETE /wd/hub/session/3badc8e8-43d8-4517-950c-990771b015bf [39m[32m200[39m [90m14009 ms - 14[39m
[35m[HTTP][39m [90m[39m
